2018-04-20 16:54:25,817 MAXICHARTSAPI DEBUG /home/oxyai891/public_html/carboscope.ca/wp-content/plugins/gf-charts-reports/mcharts_utils.php:88 Logger up!...
 2018-04-20 16:54:26,090 maxicharts_log4php DEBUG /home/oxyai891/public_html/carboscope.ca/wp-content/plugins/gf-charts-reports/mcharts_gravity_forms.php:17 Adding Module : maxicharts_gravity_forms
 2018-04-20 16:54:26,090 maxicharts_log4php ERROR /home/oxyai891/public_html/carboscope.ca/wp-content/plugins/gf-charts-reports/mcharts_gravity_forms.php:63 Please install/activate gravityforms plugin
 2018-04-20 16:54:26,090 maxicharts_log4php ERROR /home/oxyai891/public_html/carboscope.ca/wp-content/plugins/gf-charts-reports/mcharts_gravity_forms.php:39 Missing plugin Gravity Forms
 2018-04-20 16:54:26,091 maxicharts_log4php DEBUG /home/oxyai891/public_html/carboscope.ca/wp-content/plugins/gf-charts-reports/mcharts_data_conversion_plugin.php:19 Adding Module : mcharts_data_conversion_plugin
 2018-04-20 16:54:26,091 maxicharts_log4php DEBUG /home/oxyai891/public_html/carboscope.ca/wp-content/plugins/gf-charts-reports/mcharts_custom_criteria_plugin.php:20 Adding Module : mcharts_custom_criteria_plugin
 2018-04-20 16:54:26,091 maxicharts_log4php DEBUG /home/oxyai891/public_html/carboscope.ca/wp-content/plugins/gf-charts-reports/mcharts_table_plugin.php:15 Adding Module : mcharts_table_plugin
 2018-04-20 16:54:26,091 maxicharts_log4php DEBUG /home/oxyai891/public_html/carboscope.ca/wp-content/plugins/gf-charts-reports/gf_charts_reports.php:65 Construct maxicharts_reports
 2018-04-20 16:54:26,949 maxicharts_log4php DEBUG /home/oxyai891/public_html/carboscope.ca/wp-content/plugins/maxicharts-csv-source-add-on/mcharts_csv_source_add_on.php:57 Adding Module : mcharts_csv_source_plugin
 2018-04-20 16:54:26,953 maxicharts_log4php DEBUG /home/oxyai891/public_html/carboscope.ca/wp-content/plugins/maxicharts-csv-source-add-on/mcharts_csv_source_add_on.php:77 Added Module : mcharts_csv_source_plugin
 2018-04-20 16:54:27,984 MAXICHARTSAPI DEBUG /home/oxyai891/public_html/carboscope.ca/wp-content/plugins/gf-charts-reports/mcharts_utils.php:88 Logger up!...
 2018-04-20 16:54:27,990 maxicharts_log4php DEBUG /home/oxyai891/public_html/carboscope.ca/wp-content/plugins/gf-charts-reports/mcharts_gravity_forms.php:17 Adding Module : maxicharts_gravity_forms
 2018-04-20 16:54:28,002 maxicharts_log4php ERROR /home/oxyai891/public_html/carboscope.ca/wp-content/plugins/gf-charts-reports/mcharts_gravity_forms.php:63 Please install/activate gravityforms plugin
 2018-04-20 16:54:28,014 maxicharts_log4php ERROR /home/oxyai891/public_html/carboscope.ca/wp-content/plugins/gf-charts-reports/mcharts_gravity_forms.php:39 Missing plugin Gravity Forms
 2018-04-20 16:54:28,042 maxicharts_log4php DEBUG /home/oxyai891/public_html/carboscope.ca/wp-content/plugins/gf-charts-reports/mcharts_data_conversion_plugin.php:19 Adding Module : mcharts_data_conversion_plugin
 2018-04-20 16:54:28,084 maxicharts_log4php DEBUG /home/oxyai891/public_html/carboscope.ca/wp-content/plugins/gf-charts-reports/mcharts_custom_criteria_plugin.php:20 Adding Module : mcharts_custom_criteria_plugin
 2018-04-20 16:54:28,096 maxicharts_log4php DEBUG /home/oxyai891/public_html/carboscope.ca/wp-content/plugins/gf-charts-reports/mcharts_table_plugin.php:15 Adding Module : mcharts_table_plugin
 2018-04-20 16:54:28,100 maxicharts_log4php DEBUG /home/oxyai891/public_html/carboscope.ca/wp-content/plugins/gf-charts-reports/gf_charts_reports.php:65 Construct maxicharts_reports
 2018-04-20 16:54:28,161 maxicharts_log4php DEBUG /home/oxyai891/public_html/carboscope.ca/wp-content/plugins/maxicharts-csv-source-add-on/mcharts_csv_source_add_on.php:57 Adding Module : mcharts_csv_source_plugin
 2018-04-20 16:54:28,162 maxicharts_log4php DEBUG /home/oxyai891/public_html/carboscope.ca/wp-content/plugins/maxicharts-csv-source-add-on/mcharts_csv_source_add_on.php:77 Added Module : mcharts_csv_source_plugin
 2018-04-20 16:54:36,882 MAXICHARTSAPI DEBUG /home/oxyai891/public_html/carboscope.ca/wp-content/plugins/gf-charts-reports/mcharts_utils.php:88 Logger up!...
 2018-04-20 16:54:36,892 maxicharts_log4php DEBUG /home/oxyai891/public_html/carboscope.ca/wp-content/plugins/gf-charts-reports/mcharts_gravity_forms.php:17 Adding Module : maxicharts_gravity_forms
 2018-04-20 16:54:36,896 maxicharts_log4php ERROR /home/oxyai891/public_html/carboscope.ca/wp-content/plugins/gf-charts-reports/mcharts_gravity_forms.php:63 Please install/activate gravityforms plugin
 2018-04-20 16:54:36,908 maxicharts_log4php ERROR /home/oxyai891/public_html/carboscope.ca/wp-content/plugins/gf-charts-reports/mcharts_gravity_forms.php:39 Missing plugin Gravity Forms
 2018-04-20 16:54:36,911 maxicharts_log4php DEBUG /home/oxyai891/public_html/carboscope.ca/wp-content/plugins/gf-charts-reports/mcharts_data_conversion_plugin.php:19 Adding Module : mcharts_data_conversion_plugin
 2018-04-20 16:54:36,915 maxicharts_log4php DEBUG /home/oxyai891/public_html/carboscope.ca/wp-content/plugins/gf-charts-reports/mcharts_custom_criteria_plugin.php:20 Adding Module : mcharts_custom_criteria_plugin
 2018-04-20 16:54:36,919 maxicharts_log4php DEBUG /home/oxyai891/public_html/carboscope.ca/wp-content/plugins/gf-charts-reports/mcharts_table_plugin.php:15 Adding Module : mcharts_table_plugin
 2018-04-20 16:54:36,923 maxicharts_log4php DEBUG /home/oxyai891/public_html/carboscope.ca/wp-content/plugins/gf-charts-reports/gf_charts_reports.php:65 Construct maxicharts_reports
 2018-04-20 16:54:36,956 maxicharts_log4php DEBUG /home/oxyai891/public_html/carboscope.ca/wp-content/plugins/maxicharts-csv-source-add-on/mcharts_csv_source_add_on.php:57 Adding Module : mcharts_csv_source_plugin
 2018-04-20 16:54:36,974 maxicharts_log4php DEBUG /home/oxyai891/public_html/carboscope.ca/wp-content/plugins/maxicharts-csv-source-add-on/mcharts_csv_source_add_on.php:77 Added Module : mcharts_csv_source_plugin
 