2018-04-21 19:35:08,449 MAXICHARTSAPI DEBUG /home/oxyai891/public_html/carboscope.ca/wp-content/plugins/gf-charts-reports/mcharts_utils.php:88 Logger up!...
 2018-04-21 19:35:08,469 maxicharts_log4php DEBUG /home/oxyai891/public_html/carboscope.ca/wp-content/plugins/gf-charts-reports/mcharts_gravity_forms.php:17 Adding Module : maxicharts_gravity_forms
 2018-04-21 19:35:08,469 maxicharts_log4php ERROR /home/oxyai891/public_html/carboscope.ca/wp-content/plugins/gf-charts-reports/mcharts_gravity_forms.php:63 Please install/activate gravityforms plugin
 2018-04-21 19:35:08,469 maxicharts_log4php ERROR /home/oxyai891/public_html/carboscope.ca/wp-content/plugins/gf-charts-reports/mcharts_gravity_forms.php:39 Missing plugin Gravity Forms
 2018-04-21 19:35:08,470 maxicharts_log4php DEBUG /home/oxyai891/public_html/carboscope.ca/wp-content/plugins/gf-charts-reports/mcharts_data_conversion_plugin.php:19 Adding Module : mcharts_data_conversion_plugin
 2018-04-21 19:35:08,470 maxicharts_log4php DEBUG /home/oxyai891/public_html/carboscope.ca/wp-content/plugins/gf-charts-reports/mcharts_custom_criteria_plugin.php:20 Adding Module : mcharts_custom_criteria_plugin
 2018-04-21 19:35:08,470 maxicharts_log4php DEBUG /home/oxyai891/public_html/carboscope.ca/wp-content/plugins/gf-charts-reports/mcharts_table_plugin.php:15 Adding Module : mcharts_table_plugin
 2018-04-21 19:35:08,470 maxicharts_log4php DEBUG /home/oxyai891/public_html/carboscope.ca/wp-content/plugins/gf-charts-reports/gf_charts_reports.php:65 Construct maxicharts_reports
 2018-04-21 19:35:09,501 maxicharts_log4php DEBUG /home/oxyai891/public_html/carboscope.ca/wp-content/plugins/maxicharts-csv-source-add-on/mcharts_csv_source_add_on.php:57 Adding Module : mcharts_csv_source_plugin
 2018-04-21 19:35:09,505 maxicharts_log4php DEBUG /home/oxyai891/public_html/carboscope.ca/wp-content/plugins/maxicharts-csv-source-add-on/mcharts_csv_source_add_on.php:77 Added Module : mcharts_csv_source_plugin
 2018-04-21 19:35:20,083 MAXICHARTSAPI DEBUG /home/oxyai891/public_html/carboscope.ca/wp-content/plugins/gf-charts-reports/mcharts_utils.php:88 Logger up!...
 2018-04-21 19:35:20,083 maxicharts_log4php DEBUG /home/oxyai891/public_html/carboscope.ca/wp-content/plugins/gf-charts-reports/mcharts_gravity_forms.php:17 Adding Module : maxicharts_gravity_forms
 2018-04-21 19:35:20,083 maxicharts_log4php ERROR /home/oxyai891/public_html/carboscope.ca/wp-content/plugins/gf-charts-reports/mcharts_gravity_forms.php:63 Please install/activate gravityforms plugin
 2018-04-21 19:35:20,084 maxicharts_log4php ERROR /home/oxyai891/public_html/carboscope.ca/wp-content/plugins/gf-charts-reports/mcharts_gravity_forms.php:39 Missing plugin Gravity Forms
 2018-04-21 19:35:20,084 maxicharts_log4php DEBUG /home/oxyai891/public_html/carboscope.ca/wp-content/plugins/gf-charts-reports/mcharts_data_conversion_plugin.php:19 Adding Module : mcharts_data_conversion_plugin
 2018-04-21 19:35:20,084 maxicharts_log4php DEBUG /home/oxyai891/public_html/carboscope.ca/wp-content/plugins/gf-charts-reports/mcharts_custom_criteria_plugin.php:20 Adding Module : mcharts_custom_criteria_plugin
 2018-04-21 19:35:20,084 maxicharts_log4php DEBUG /home/oxyai891/public_html/carboscope.ca/wp-content/plugins/gf-charts-reports/mcharts_table_plugin.php:15 Adding Module : mcharts_table_plugin
 2018-04-21 19:35:20,084 maxicharts_log4php DEBUG /home/oxyai891/public_html/carboscope.ca/wp-content/plugins/gf-charts-reports/gf_charts_reports.php:65 Construct maxicharts_reports
 2018-04-21 19:35:20,120 maxicharts_log4php DEBUG /home/oxyai891/public_html/carboscope.ca/wp-content/plugins/maxicharts-csv-source-add-on/mcharts_csv_source_add_on.php:57 Adding Module : mcharts_csv_source_plugin
 2018-04-21 19:35:20,120 maxicharts_log4php DEBUG /home/oxyai891/public_html/carboscope.ca/wp-content/plugins/maxicharts-csv-source-add-on/mcharts_csv_source_add_on.php:77 Added Module : mcharts_csv_source_plugin
 2018-04-21 19:35:42,872 MAXICHARTSAPI DEBUG /home/oxyai891/public_html/carboscope.ca/wp-content/plugins/gf-charts-reports/mcharts_utils.php:88 Logger up!...
 2018-04-21 19:35:42,872 maxicharts_log4php DEBUG /home/oxyai891/public_html/carboscope.ca/wp-content/plugins/gf-charts-reports/mcharts_gravity_forms.php:17 Adding Module : maxicharts_gravity_forms
 2018-04-21 19:35:42,872 maxicharts_log4php ERROR /home/oxyai891/public_html/carboscope.ca/wp-content/plugins/gf-charts-reports/mcharts_gravity_forms.php:63 Please install/activate gravityforms plugin
 2018-04-21 19:35:42,873 maxicharts_log4php ERROR /home/oxyai891/public_html/carboscope.ca/wp-content/plugins/gf-charts-reports/mcharts_gravity_forms.php:39 Missing plugin Gravity Forms
 2018-04-21 19:35:42,873 maxicharts_log4php DEBUG /home/oxyai891/public_html/carboscope.ca/wp-content/plugins/gf-charts-reports/mcharts_data_conversion_plugin.php:19 Adding Module : mcharts_data_conversion_plugin
 2018-04-21 19:35:42,873 maxicharts_log4php DEBUG /home/oxyai891/public_html/carboscope.ca/wp-content/plugins/gf-charts-reports/mcharts_custom_criteria_plugin.php:20 Adding Module : mcharts_custom_criteria_plugin
 2018-04-21 19:35:42,873 maxicharts_log4php DEBUG /home/oxyai891/public_html/carboscope.ca/wp-content/plugins/gf-charts-reports/mcharts_table_plugin.php:15 Adding Module : mcharts_table_plugin
 2018-04-21 19:35:42,874 maxicharts_log4php DEBUG /home/oxyai891/public_html/carboscope.ca/wp-content/plugins/gf-charts-reports/gf_charts_reports.php:65 Construct maxicharts_reports
 2018-04-21 19:35:42,908 maxicharts_log4php DEBUG /home/oxyai891/public_html/carboscope.ca/wp-content/plugins/maxicharts-csv-source-add-on/mcharts_csv_source_add_on.php:57 Adding Module : mcharts_csv_source_plugin
 2018-04-21 19:35:42,908 maxicharts_log4php DEBUG /home/oxyai891/public_html/carboscope.ca/wp-content/plugins/maxicharts-csv-source-add-on/mcharts_csv_source_add_on.php:77 Added Module : mcharts_csv_source_plugin
 2018-04-21 19:35:44,400 MAXICHARTSAPI DEBUG /home/oxyai891/public_html/carboscope.ca/wp-content/plugins/gf-charts-reports/mcharts_utils.php:88 Logger up!...
 2018-04-21 19:35:44,401 maxicharts_log4php DEBUG /home/oxyai891/public_html/carboscope.ca/wp-content/plugins/gf-charts-reports/mcharts_gravity_forms.php:17 Adding Module : maxicharts_gravity_forms
 2018-04-21 19:35:44,401 maxicharts_log4php ERROR /home/oxyai891/public_html/carboscope.ca/wp-content/plugins/gf-charts-reports/mcharts_gravity_forms.php:63 Please install/activate gravityforms plugin
 2018-04-21 19:35:44,401 maxicharts_log4php ERROR /home/oxyai891/public_html/carboscope.ca/wp-content/plugins/gf-charts-reports/mcharts_gravity_forms.php:39 Missing plugin Gravity Forms
 2018-04-21 19:35:44,401 maxicharts_log4php DEBUG /home/oxyai891/public_html/carboscope.ca/wp-content/plugins/gf-charts-reports/mcharts_data_conversion_plugin.php:19 Adding Module : mcharts_data_conversion_plugin
 2018-04-21 19:35:44,401 maxicharts_log4php DEBUG /home/oxyai891/public_html/carboscope.ca/wp-content/plugins/gf-charts-reports/mcharts_custom_criteria_plugin.php:20 Adding Module : mcharts_custom_criteria_plugin
 2018-04-21 19:35:44,402 maxicharts_log4php DEBUG /home/oxyai891/public_html/carboscope.ca/wp-content/plugins/gf-charts-reports/mcharts_table_plugin.php:15 Adding Module : mcharts_table_plugin
 2018-04-21 19:35:44,402 maxicharts_log4php DEBUG /home/oxyai891/public_html/carboscope.ca/wp-content/plugins/gf-charts-reports/gf_charts_reports.php:65 Construct maxicharts_reports
 2018-04-21 19:35:44,436 maxicharts_log4php DEBUG /home/oxyai891/public_html/carboscope.ca/wp-content/plugins/maxicharts-csv-source-add-on/mcharts_csv_source_add_on.php:57 Adding Module : mcharts_csv_source_plugin
 2018-04-21 19:35:44,436 maxicharts_log4php DEBUG /home/oxyai891/public_html/carboscope.ca/wp-content/plugins/maxicharts-csv-source-add-on/mcharts_csv_source_add_on.php:77 Added Module : mcharts_csv_source_plugin
 2018-04-21 19:36:04,739 MAXICHARTSAPI DEBUG /home/oxyai891/public_html/carboscope.ca/wp-content/plugins/gf-charts-reports/mcharts_utils.php:88 Logger up!...
 2018-04-21 19:36:04,740 maxicharts_log4php DEBUG /home/oxyai891/public_html/carboscope.ca/wp-content/plugins/gf-charts-reports/mcharts_gravity_forms.php:17 Adding Module : maxicharts_gravity_forms
 2018-04-21 19:36:04,740 maxicharts_log4php ERROR /home/oxyai891/public_html/carboscope.ca/wp-content/plugins/gf-charts-reports/mcharts_gravity_forms.php:63 Please install/activate gravityforms plugin
 2018-04-21 19:36:04,740 maxicharts_log4php ERROR /home/oxyai891/public_html/carboscope.ca/wp-content/plugins/gf-charts-reports/mcharts_gravity_forms.php:39 Missing plugin Gravity Forms
 2018-04-21 19:36:04,740 maxicharts_log4php DEBUG /home/oxyai891/public_html/carboscope.ca/wp-content/plugins/gf-charts-reports/mcharts_data_conversion_plugin.php:19 Adding Module : mcharts_data_conversion_plugin
 2018-04-21 19:36:04,741 maxicharts_log4php DEBUG /home/oxyai891/public_html/carboscope.ca/wp-content/plugins/gf-charts-reports/mcharts_custom_criteria_plugin.php:20 Adding Module : mcharts_custom_criteria_plugin
 2018-04-21 19:36:04,741 maxicharts_log4php DEBUG /home/oxyai891/public_html/carboscope.ca/wp-content/plugins/gf-charts-reports/mcharts_table_plugin.php:15 Adding Module : mcharts_table_plugin
 2018-04-21 19:36:04,741 maxicharts_log4php DEBUG /home/oxyai891/public_html/carboscope.ca/wp-content/plugins/gf-charts-reports/gf_charts_reports.php:65 Construct maxicharts_reports
 2018-04-21 19:36:04,776 maxicharts_log4php DEBUG /home/oxyai891/public_html/carboscope.ca/wp-content/plugins/maxicharts-csv-source-add-on/mcharts_csv_source_add_on.php:57 Adding Module : mcharts_csv_source_plugin
 2018-04-21 19:36:04,777 maxicharts_log4php DEBUG /home/oxyai891/public_html/carboscope.ca/wp-content/plugins/maxicharts-csv-source-add-on/mcharts_csv_source_add_on.php:77 Added Module : mcharts_csv_source_plugin
 