2018-04-15 01:34:32,732 MAXICHARTSAPI DEBUG /home/oxyai891/public_html/carboscope.ca/wp-content/plugins/gf-charts-reports/mcharts_utils.php:88 Logger up!...
 2018-04-15 01:34:32,884 maxicharts_log4php DEBUG /home/oxyai891/public_html/carboscope.ca/wp-content/plugins/gf-charts-reports/mcharts_gravity_forms.php:17 Adding Module : maxicharts_gravity_forms
 2018-04-15 01:34:32,884 maxicharts_log4php ERROR /home/oxyai891/public_html/carboscope.ca/wp-content/plugins/gf-charts-reports/mcharts_gravity_forms.php:63 Please install/activate gravityforms plugin
 2018-04-15 01:34:32,885 maxicharts_log4php ERROR /home/oxyai891/public_html/carboscope.ca/wp-content/plugins/gf-charts-reports/mcharts_gravity_forms.php:39 Missing plugin Gravity Forms
 2018-04-15 01:34:32,885 maxicharts_log4php DEBUG /home/oxyai891/public_html/carboscope.ca/wp-content/plugins/gf-charts-reports/mcharts_data_conversion_plugin.php:19 Adding Module : mcharts_data_conversion_plugin
 2018-04-15 01:34:32,885 maxicharts_log4php DEBUG /home/oxyai891/public_html/carboscope.ca/wp-content/plugins/gf-charts-reports/mcharts_custom_criteria_plugin.php:20 Adding Module : mcharts_custom_criteria_plugin
 2018-04-15 01:34:32,885 maxicharts_log4php DEBUG /home/oxyai891/public_html/carboscope.ca/wp-content/plugins/gf-charts-reports/mcharts_table_plugin.php:15 Adding Module : mcharts_table_plugin
 2018-04-15 01:34:32,886 maxicharts_log4php DEBUG /home/oxyai891/public_html/carboscope.ca/wp-content/plugins/gf-charts-reports/gf_charts_reports.php:65 Construct maxicharts_reports
 2018-04-15 01:34:33,833 maxicharts_log4php DEBUG /home/oxyai891/public_html/carboscope.ca/wp-content/plugins/maxicharts-csv-source-add-on/mcharts_csv_source_add_on.php:57 Adding Module : mcharts_csv_source_plugin
 2018-04-15 01:34:33,837 maxicharts_log4php DEBUG /home/oxyai891/public_html/carboscope.ca/wp-content/plugins/maxicharts-csv-source-add-on/mcharts_csv_source_add_on.php:77 Added Module : mcharts_csv_source_plugin
 2018-04-15 01:34:42,171 MAXICHARTSAPI DEBUG /home/oxyai891/public_html/carboscope.ca/wp-content/plugins/gf-charts-reports/mcharts_utils.php:88 Logger up!...
 2018-04-15 01:34:42,171 maxicharts_log4php DEBUG /home/oxyai891/public_html/carboscope.ca/wp-content/plugins/gf-charts-reports/mcharts_gravity_forms.php:17 Adding Module : maxicharts_gravity_forms
 2018-04-15 01:34:42,171 maxicharts_log4php ERROR /home/oxyai891/public_html/carboscope.ca/wp-content/plugins/gf-charts-reports/mcharts_gravity_forms.php:63 Please install/activate gravityforms plugin
 2018-04-15 01:34:42,171 maxicharts_log4php ERROR /home/oxyai891/public_html/carboscope.ca/wp-content/plugins/gf-charts-reports/mcharts_gravity_forms.php:39 Missing plugin Gravity Forms
 2018-04-15 01:34:42,171 maxicharts_log4php DEBUG /home/oxyai891/public_html/carboscope.ca/wp-content/plugins/gf-charts-reports/mcharts_data_conversion_plugin.php:19 Adding Module : mcharts_data_conversion_plugin
 2018-04-15 01:34:42,172 maxicharts_log4php DEBUG /home/oxyai891/public_html/carboscope.ca/wp-content/plugins/gf-charts-reports/mcharts_custom_criteria_plugin.php:20 Adding Module : mcharts_custom_criteria_plugin
 2018-04-15 01:34:42,172 maxicharts_log4php DEBUG /home/oxyai891/public_html/carboscope.ca/wp-content/plugins/gf-charts-reports/mcharts_table_plugin.php:15 Adding Module : mcharts_table_plugin
 2018-04-15 01:34:42,172 maxicharts_log4php DEBUG /home/oxyai891/public_html/carboscope.ca/wp-content/plugins/gf-charts-reports/gf_charts_reports.php:65 Construct maxicharts_reports
 2018-04-15 01:34:42,206 maxicharts_log4php DEBUG /home/oxyai891/public_html/carboscope.ca/wp-content/plugins/maxicharts-csv-source-add-on/mcharts_csv_source_add_on.php:57 Adding Module : mcharts_csv_source_plugin
 2018-04-15 01:34:42,206 maxicharts_log4php DEBUG /home/oxyai891/public_html/carboscope.ca/wp-content/plugins/maxicharts-csv-source-add-on/mcharts_csv_source_add_on.php:77 Added Module : mcharts_csv_source_plugin
 2018-04-15 01:34:44,661 MAXICHARTSAPI DEBUG /home/oxyai891/public_html/carboscope.ca/wp-content/plugins/gf-charts-reports/mcharts_utils.php:88 Logger up!...
 2018-04-15 01:34:44,661 maxicharts_log4php DEBUG /home/oxyai891/public_html/carboscope.ca/wp-content/plugins/gf-charts-reports/mcharts_gravity_forms.php:17 Adding Module : maxicharts_gravity_forms
 2018-04-15 01:34:44,661 maxicharts_log4php ERROR /home/oxyai891/public_html/carboscope.ca/wp-content/plugins/gf-charts-reports/mcharts_gravity_forms.php:63 Please install/activate gravityforms plugin
 2018-04-15 01:34:44,661 maxicharts_log4php ERROR /home/oxyai891/public_html/carboscope.ca/wp-content/plugins/gf-charts-reports/mcharts_gravity_forms.php:39 Missing plugin Gravity Forms
 2018-04-15 01:34:44,661 maxicharts_log4php DEBUG /home/oxyai891/public_html/carboscope.ca/wp-content/plugins/gf-charts-reports/mcharts_data_conversion_plugin.php:19 Adding Module : mcharts_data_conversion_plugin
 2018-04-15 01:34:44,662 maxicharts_log4php DEBUG /home/oxyai891/public_html/carboscope.ca/wp-content/plugins/gf-charts-reports/mcharts_custom_criteria_plugin.php:20 Adding Module : mcharts_custom_criteria_plugin
 2018-04-15 01:34:44,662 maxicharts_log4php DEBUG /home/oxyai891/public_html/carboscope.ca/wp-content/plugins/gf-charts-reports/mcharts_table_plugin.php:15 Adding Module : mcharts_table_plugin
 2018-04-15 01:34:44,662 maxicharts_log4php DEBUG /home/oxyai891/public_html/carboscope.ca/wp-content/plugins/gf-charts-reports/gf_charts_reports.php:65 Construct maxicharts_reports
 2018-04-15 01:34:44,698 maxicharts_log4php DEBUG /home/oxyai891/public_html/carboscope.ca/wp-content/plugins/maxicharts-csv-source-add-on/mcharts_csv_source_add_on.php:57 Adding Module : mcharts_csv_source_plugin
 2018-04-15 01:34:44,698 maxicharts_log4php DEBUG /home/oxyai891/public_html/carboscope.ca/wp-content/plugins/maxicharts-csv-source-add-on/mcharts_csv_source_add_on.php:77 Added Module : mcharts_csv_source_plugin
 2018-04-15 03:33:06,875 MAXICHARTSAPI DEBUG /home/oxyai891/public_html/carboscope.ca/wp-content/plugins/gf-charts-reports/mcharts_utils.php:88 Logger up!...
 2018-04-15 03:33:06,890 maxicharts_log4php DEBUG /home/oxyai891/public_html/carboscope.ca/wp-content/plugins/gf-charts-reports/mcharts_gravity_forms.php:17 Adding Module : maxicharts_gravity_forms
 2018-04-15 03:33:06,890 maxicharts_log4php ERROR /home/oxyai891/public_html/carboscope.ca/wp-content/plugins/gf-charts-reports/mcharts_gravity_forms.php:63 Please install/activate gravityforms plugin
 2018-04-15 03:33:06,890 maxicharts_log4php ERROR /home/oxyai891/public_html/carboscope.ca/wp-content/plugins/gf-charts-reports/mcharts_gravity_forms.php:39 Missing plugin Gravity Forms
 2018-04-15 03:33:06,891 maxicharts_log4php DEBUG /home/oxyai891/public_html/carboscope.ca/wp-content/plugins/gf-charts-reports/mcharts_data_conversion_plugin.php:19 Adding Module : mcharts_data_conversion_plugin
 2018-04-15 03:33:06,891 maxicharts_log4php DEBUG /home/oxyai891/public_html/carboscope.ca/wp-content/plugins/gf-charts-reports/mcharts_custom_criteria_plugin.php:20 Adding Module : mcharts_custom_criteria_plugin
 2018-04-15 03:33:06,892 maxicharts_log4php DEBUG /home/oxyai891/public_html/carboscope.ca/wp-content/plugins/gf-charts-reports/mcharts_table_plugin.php:15 Adding Module : mcharts_table_plugin
 2018-04-15 03:33:06,892 maxicharts_log4php DEBUG /home/oxyai891/public_html/carboscope.ca/wp-content/plugins/gf-charts-reports/gf_charts_reports.php:65 Construct maxicharts_reports
 2018-04-15 03:33:07,839 maxicharts_log4php DEBUG /home/oxyai891/public_html/carboscope.ca/wp-content/plugins/maxicharts-csv-source-add-on/mcharts_csv_source_add_on.php:57 Adding Module : mcharts_csv_source_plugin
 2018-04-15 03:33:07,843 maxicharts_log4php DEBUG /home/oxyai891/public_html/carboscope.ca/wp-content/plugins/maxicharts-csv-source-add-on/mcharts_csv_source_add_on.php:77 Added Module : mcharts_csv_source_plugin
 2018-04-15 03:33:15,108 MAXICHARTSAPI DEBUG /home/oxyai891/public_html/carboscope.ca/wp-content/plugins/gf-charts-reports/mcharts_utils.php:88 Logger up!...
 2018-04-15 03:33:15,108 maxicharts_log4php DEBUG /home/oxyai891/public_html/carboscope.ca/wp-content/plugins/gf-charts-reports/mcharts_gravity_forms.php:17 Adding Module : maxicharts_gravity_forms
 2018-04-15 03:33:15,108 maxicharts_log4php ERROR /home/oxyai891/public_html/carboscope.ca/wp-content/plugins/gf-charts-reports/mcharts_gravity_forms.php:63 Please install/activate gravityforms plugin
 2018-04-15 03:33:15,108 maxicharts_log4php ERROR /home/oxyai891/public_html/carboscope.ca/wp-content/plugins/gf-charts-reports/mcharts_gravity_forms.php:39 Missing plugin Gravity Forms
 2018-04-15 03:33:15,108 maxicharts_log4php DEBUG /home/oxyai891/public_html/carboscope.ca/wp-content/plugins/gf-charts-reports/mcharts_data_conversion_plugin.php:19 Adding Module : mcharts_data_conversion_plugin
 2018-04-15 03:33:15,109 maxicharts_log4php DEBUG /home/oxyai891/public_html/carboscope.ca/wp-content/plugins/gf-charts-reports/mcharts_custom_criteria_plugin.php:20 Adding Module : mcharts_custom_criteria_plugin
 2018-04-15 03:33:15,109 maxicharts_log4php DEBUG /home/oxyai891/public_html/carboscope.ca/wp-content/plugins/gf-charts-reports/mcharts_table_plugin.php:15 Adding Module : mcharts_table_plugin
 2018-04-15 03:33:15,109 maxicharts_log4php DEBUG /home/oxyai891/public_html/carboscope.ca/wp-content/plugins/gf-charts-reports/gf_charts_reports.php:65 Construct maxicharts_reports
 2018-04-15 03:33:15,138 maxicharts_log4php DEBUG /home/oxyai891/public_html/carboscope.ca/wp-content/plugins/maxicharts-csv-source-add-on/mcharts_csv_source_add_on.php:57 Adding Module : mcharts_csv_source_plugin
 2018-04-15 03:33:15,139 maxicharts_log4php DEBUG /home/oxyai891/public_html/carboscope.ca/wp-content/plugins/maxicharts-csv-source-add-on/mcharts_csv_source_add_on.php:77 Added Module : mcharts_csv_source_plugin
 2018-04-15 03:33:16,245 MAXICHARTSAPI DEBUG /home/oxyai891/public_html/carboscope.ca/wp-content/plugins/gf-charts-reports/mcharts_utils.php:88 Logger up!...
 2018-04-15 03:33:16,245 maxicharts_log4php DEBUG /home/oxyai891/public_html/carboscope.ca/wp-content/plugins/gf-charts-reports/mcharts_gravity_forms.php:17 Adding Module : maxicharts_gravity_forms
 2018-04-15 03:33:16,245 maxicharts_log4php ERROR /home/oxyai891/public_html/carboscope.ca/wp-content/plugins/gf-charts-reports/mcharts_gravity_forms.php:63 Please install/activate gravityforms plugin
 2018-04-15 03:33:16,245 maxicharts_log4php ERROR /home/oxyai891/public_html/carboscope.ca/wp-content/plugins/gf-charts-reports/mcharts_gravity_forms.php:39 Missing plugin Gravity Forms
 2018-04-15 03:33:16,246 maxicharts_log4php DEBUG /home/oxyai891/public_html/carboscope.ca/wp-content/plugins/gf-charts-reports/mcharts_data_conversion_plugin.php:19 Adding Module : mcharts_data_conversion_plugin
 2018-04-15 03:33:16,246 maxicharts_log4php DEBUG /home/oxyai891/public_html/carboscope.ca/wp-content/plugins/gf-charts-reports/mcharts_custom_criteria_plugin.php:20 Adding Module : mcharts_custom_criteria_plugin
 2018-04-15 03:33:16,246 maxicharts_log4php DEBUG /home/oxyai891/public_html/carboscope.ca/wp-content/plugins/gf-charts-reports/mcharts_table_plugin.php:15 Adding Module : mcharts_table_plugin
 2018-04-15 03:33:16,246 maxicharts_log4php DEBUG /home/oxyai891/public_html/carboscope.ca/wp-content/plugins/gf-charts-reports/gf_charts_reports.php:65 Construct maxicharts_reports
 2018-04-15 03:33:16,278 maxicharts_log4php DEBUG /home/oxyai891/public_html/carboscope.ca/wp-content/plugins/maxicharts-csv-source-add-on/mcharts_csv_source_add_on.php:57 Adding Module : mcharts_csv_source_plugin
 2018-04-15 03:33:16,278 maxicharts_log4php DEBUG /home/oxyai891/public_html/carboscope.ca/wp-content/plugins/maxicharts-csv-source-add-on/mcharts_csv_source_add_on.php:77 Added Module : mcharts_csv_source_plugin
 2018-04-15 04:57:12,706 MAXICHARTSAPI DEBUG /home/oxyai891/public_html/carboscope.ca/wp-content/plugins/gf-charts-reports/mcharts_utils.php:88 Logger up!...
 2018-04-15 04:57:12,721 maxicharts_log4php DEBUG /home/oxyai891/public_html/carboscope.ca/wp-content/plugins/gf-charts-reports/mcharts_gravity_forms.php:17 Adding Module : maxicharts_gravity_forms
 2018-04-15 04:57:12,725 maxicharts_log4php ERROR /home/oxyai891/public_html/carboscope.ca/wp-content/plugins/gf-charts-reports/mcharts_gravity_forms.php:63 Please install/activate gravityforms plugin
 2018-04-15 04:57:12,725 maxicharts_log4php ERROR /home/oxyai891/public_html/carboscope.ca/wp-content/plugins/gf-charts-reports/mcharts_gravity_forms.php:39 Missing plugin Gravity Forms
 2018-04-15 04:57:12,726 maxicharts_log4php DEBUG /home/oxyai891/public_html/carboscope.ca/wp-content/plugins/gf-charts-reports/mcharts_data_conversion_plugin.php:19 Adding Module : mcharts_data_conversion_plugin
 2018-04-15 04:57:12,726 maxicharts_log4php DEBUG /home/oxyai891/public_html/carboscope.ca/wp-content/plugins/gf-charts-reports/mcharts_custom_criteria_plugin.php:20 Adding Module : mcharts_custom_criteria_plugin
 2018-04-15 04:57:12,726 maxicharts_log4php DEBUG /home/oxyai891/public_html/carboscope.ca/wp-content/plugins/gf-charts-reports/mcharts_table_plugin.php:15 Adding Module : mcharts_table_plugin
 2018-04-15 04:57:12,726 maxicharts_log4php DEBUG /home/oxyai891/public_html/carboscope.ca/wp-content/plugins/gf-charts-reports/gf_charts_reports.php:65 Construct maxicharts_reports
 2018-04-15 04:57:13,444 maxicharts_log4php DEBUG /home/oxyai891/public_html/carboscope.ca/wp-content/plugins/maxicharts-csv-source-add-on/mcharts_csv_source_add_on.php:57 Adding Module : mcharts_csv_source_plugin
 2018-04-15 04:57:13,448 maxicharts_log4php DEBUG /home/oxyai891/public_html/carboscope.ca/wp-content/plugins/maxicharts-csv-source-add-on/mcharts_csv_source_add_on.php:77 Added Module : mcharts_csv_source_plugin
 2018-04-15 04:57:20,788 MAXICHARTSAPI DEBUG /home/oxyai891/public_html/carboscope.ca/wp-content/plugins/gf-charts-reports/mcharts_utils.php:88 Logger up!...
 2018-04-15 04:57:20,788 maxicharts_log4php DEBUG /home/oxyai891/public_html/carboscope.ca/wp-content/plugins/gf-charts-reports/mcharts_gravity_forms.php:17 Adding Module : maxicharts_gravity_forms
 2018-04-15 04:57:20,789 maxicharts_log4php ERROR /home/oxyai891/public_html/carboscope.ca/wp-content/plugins/gf-charts-reports/mcharts_gravity_forms.php:63 Please install/activate gravityforms plugin
 2018-04-15 04:57:20,789 maxicharts_log4php ERROR /home/oxyai891/public_html/carboscope.ca/wp-content/plugins/gf-charts-reports/mcharts_gravity_forms.php:39 Missing plugin Gravity Forms
 2018-04-15 04:57:20,789 maxicharts_log4php DEBUG /home/oxyai891/public_html/carboscope.ca/wp-content/plugins/gf-charts-reports/mcharts_data_conversion_plugin.php:19 Adding Module : mcharts_data_conversion_plugin
 2018-04-15 04:57:20,789 maxicharts_log4php DEBUG /home/oxyai891/public_html/carboscope.ca/wp-content/plugins/gf-charts-reports/mcharts_custom_criteria_plugin.php:20 Adding Module : mcharts_custom_criteria_plugin
 2018-04-15 04:57:20,790 maxicharts_log4php DEBUG /home/oxyai891/public_html/carboscope.ca/wp-content/plugins/gf-charts-reports/mcharts_table_plugin.php:15 Adding Module : mcharts_table_plugin
 2018-04-15 04:57:20,790 maxicharts_log4php DEBUG /home/oxyai891/public_html/carboscope.ca/wp-content/plugins/gf-charts-reports/gf_charts_reports.php:65 Construct maxicharts_reports
 2018-04-15 04:57:20,824 maxicharts_log4php DEBUG /home/oxyai891/public_html/carboscope.ca/wp-content/plugins/maxicharts-csv-source-add-on/mcharts_csv_source_add_on.php:57 Adding Module : mcharts_csv_source_plugin
 2018-04-15 04:57:20,824 maxicharts_log4php DEBUG /home/oxyai891/public_html/carboscope.ca/wp-content/plugins/maxicharts-csv-source-add-on/mcharts_csv_source_add_on.php:77 Added Module : mcharts_csv_source_plugin
 2018-04-15 04:57:25,456 MAXICHARTSAPI DEBUG /home/oxyai891/public_html/carboscope.ca/wp-content/plugins/gf-charts-reports/mcharts_utils.php:88 Logger up!...
 2018-04-15 04:57:25,456 maxicharts_log4php DEBUG /home/oxyai891/public_html/carboscope.ca/wp-content/plugins/gf-charts-reports/mcharts_gravity_forms.php:17 Adding Module : maxicharts_gravity_forms
 2018-04-15 04:57:25,456 maxicharts_log4php ERROR /home/oxyai891/public_html/carboscope.ca/wp-content/plugins/gf-charts-reports/mcharts_gravity_forms.php:63 Please install/activate gravityforms plugin
 2018-04-15 04:57:25,456 maxicharts_log4php ERROR /home/oxyai891/public_html/carboscope.ca/wp-content/plugins/gf-charts-reports/mcharts_gravity_forms.php:39 Missing plugin Gravity Forms
 2018-04-15 04:57:25,457 maxicharts_log4php DEBUG /home/oxyai891/public_html/carboscope.ca/wp-content/plugins/gf-charts-reports/mcharts_data_conversion_plugin.php:19 Adding Module : mcharts_data_conversion_plugin
 2018-04-15 04:57:25,457 maxicharts_log4php DEBUG /home/oxyai891/public_html/carboscope.ca/wp-content/plugins/gf-charts-reports/mcharts_custom_criteria_plugin.php:20 Adding Module : mcharts_custom_criteria_plugin
 2018-04-15 04:57:25,457 maxicharts_log4php DEBUG /home/oxyai891/public_html/carboscope.ca/wp-content/plugins/gf-charts-reports/mcharts_table_plugin.php:15 Adding Module : mcharts_table_plugin
 2018-04-15 04:57:25,457 maxicharts_log4php DEBUG /home/oxyai891/public_html/carboscope.ca/wp-content/plugins/gf-charts-reports/gf_charts_reports.php:65 Construct maxicharts_reports
 2018-04-15 04:57:25,491 maxicharts_log4php DEBUG /home/oxyai891/public_html/carboscope.ca/wp-content/plugins/maxicharts-csv-source-add-on/mcharts_csv_source_add_on.php:57 Adding Module : mcharts_csv_source_plugin
 2018-04-15 04:57:25,491 maxicharts_log4php DEBUG /home/oxyai891/public_html/carboscope.ca/wp-content/plugins/maxicharts-csv-source-add-on/mcharts_csv_source_add_on.php:77 Added Module : mcharts_csv_source_plugin
 2018-04-15 21:57:50,076 MAXICHARTSAPI DEBUG /home/oxyai891/public_html/carboscope.ca/wp-content/plugins/gf-charts-reports/mcharts_utils.php:88 Logger up!...
 2018-04-15 21:57:50,096 maxicharts_log4php DEBUG /home/oxyai891/public_html/carboscope.ca/wp-content/plugins/gf-charts-reports/mcharts_gravity_forms.php:17 Adding Module : maxicharts_gravity_forms
 2018-04-15 21:57:50,103 maxicharts_log4php ERROR /home/oxyai891/public_html/carboscope.ca/wp-content/plugins/gf-charts-reports/mcharts_gravity_forms.php:63 Please install/activate gravityforms plugin
 2018-04-15 21:57:50,103 maxicharts_log4php ERROR /home/oxyai891/public_html/carboscope.ca/wp-content/plugins/gf-charts-reports/mcharts_gravity_forms.php:39 Missing plugin Gravity Forms
 2018-04-15 21:57:50,104 maxicharts_log4php DEBUG /home/oxyai891/public_html/carboscope.ca/wp-content/plugins/gf-charts-reports/mcharts_data_conversion_plugin.php:19 Adding Module : mcharts_data_conversion_plugin
 2018-04-15 21:57:50,104 maxicharts_log4php DEBUG /home/oxyai891/public_html/carboscope.ca/wp-content/plugins/gf-charts-reports/mcharts_custom_criteria_plugin.php:20 Adding Module : mcharts_custom_criteria_plugin
 2018-04-15 21:57:50,104 maxicharts_log4php DEBUG /home/oxyai891/public_html/carboscope.ca/wp-content/plugins/gf-charts-reports/mcharts_table_plugin.php:15 Adding Module : mcharts_table_plugin
 2018-04-15 21:57:50,104 maxicharts_log4php DEBUG /home/oxyai891/public_html/carboscope.ca/wp-content/plugins/gf-charts-reports/gf_charts_reports.php:65 Construct maxicharts_reports
 2018-04-15 21:57:51,189 maxicharts_log4php DEBUG /home/oxyai891/public_html/carboscope.ca/wp-content/plugins/maxicharts-csv-source-add-on/mcharts_csv_source_add_on.php:57 Adding Module : mcharts_csv_source_plugin
 2018-04-15 21:57:51,830 maxicharts_log4php DEBUG /home/oxyai891/public_html/carboscope.ca/wp-content/plugins/maxicharts-csv-source-add-on/mcharts_csv_source_add_on.php:77 Added Module : mcharts_csv_source_plugin
 2018-04-15 21:58:02,287 MAXICHARTSAPI DEBUG /home/oxyai891/public_html/carboscope.ca/wp-content/plugins/gf-charts-reports/mcharts_utils.php:88 Logger up!...
 2018-04-15 21:58:02,287 maxicharts_log4php DEBUG /home/oxyai891/public_html/carboscope.ca/wp-content/plugins/gf-charts-reports/mcharts_gravity_forms.php:17 Adding Module : maxicharts_gravity_forms
 2018-04-15 21:58:02,288 maxicharts_log4php ERROR /home/oxyai891/public_html/carboscope.ca/wp-content/plugins/gf-charts-reports/mcharts_gravity_forms.php:63 Please install/activate gravityforms plugin
 2018-04-15 21:58:02,288 maxicharts_log4php ERROR /home/oxyai891/public_html/carboscope.ca/wp-content/plugins/gf-charts-reports/mcharts_gravity_forms.php:39 Missing plugin Gravity Forms
 2018-04-15 21:58:02,288 maxicharts_log4php DEBUG /home/oxyai891/public_html/carboscope.ca/wp-content/plugins/gf-charts-reports/mcharts_data_conversion_plugin.php:19 Adding Module : mcharts_data_conversion_plugin
 2018-04-15 21:58:02,288 maxicharts_log4php DEBUG /home/oxyai891/public_html/carboscope.ca/wp-content/plugins/gf-charts-reports/mcharts_custom_criteria_plugin.php:20 Adding Module : mcharts_custom_criteria_plugin
 2018-04-15 21:58:02,288 maxicharts_log4php DEBUG /home/oxyai891/public_html/carboscope.ca/wp-content/plugins/gf-charts-reports/mcharts_table_plugin.php:15 Adding Module : mcharts_table_plugin
 2018-04-15 21:58:02,288 maxicharts_log4php DEBUG /home/oxyai891/public_html/carboscope.ca/wp-content/plugins/gf-charts-reports/gf_charts_reports.php:65 Construct maxicharts_reports
 2018-04-15 21:58:02,319 maxicharts_log4php DEBUG /home/oxyai891/public_html/carboscope.ca/wp-content/plugins/maxicharts-csv-source-add-on/mcharts_csv_source_add_on.php:57 Adding Module : mcharts_csv_source_plugin
 2018-04-15 21:58:02,319 maxicharts_log4php DEBUG /home/oxyai891/public_html/carboscope.ca/wp-content/plugins/maxicharts-csv-source-add-on/mcharts_csv_source_add_on.php:77 Added Module : mcharts_csv_source_plugin
 2018-04-15 21:58:04,271 MAXICHARTSAPI DEBUG /home/oxyai891/public_html/carboscope.ca/wp-content/plugins/gf-charts-reports/mcharts_utils.php:88 Logger up!...
 2018-04-15 21:58:04,272 maxicharts_log4php DEBUG /home/oxyai891/public_html/carboscope.ca/wp-content/plugins/gf-charts-reports/mcharts_gravity_forms.php:17 Adding Module : maxicharts_gravity_forms
 2018-04-15 21:58:04,272 maxicharts_log4php ERROR /home/oxyai891/public_html/carboscope.ca/wp-content/plugins/gf-charts-reports/mcharts_gravity_forms.php:63 Please install/activate gravityforms plugin
 2018-04-15 21:58:04,272 maxicharts_log4php ERROR /home/oxyai891/public_html/carboscope.ca/wp-content/plugins/gf-charts-reports/mcharts_gravity_forms.php:39 Missing plugin Gravity Forms
 2018-04-15 21:58:04,272 maxicharts_log4php DEBUG /home/oxyai891/public_html/carboscope.ca/wp-content/plugins/gf-charts-reports/mcharts_data_conversion_plugin.php:19 Adding Module : mcharts_data_conversion_plugin
 2018-04-15 21:58:04,272 maxicharts_log4php DEBUG /home/oxyai891/public_html/carboscope.ca/wp-content/plugins/gf-charts-reports/mcharts_custom_criteria_plugin.php:20 Adding Module : mcharts_custom_criteria_plugin
 2018-04-15 21:58:04,273 maxicharts_log4php DEBUG /home/oxyai891/public_html/carboscope.ca/wp-content/plugins/gf-charts-reports/mcharts_table_plugin.php:15 Adding Module : mcharts_table_plugin
 2018-04-15 21:58:04,273 maxicharts_log4php DEBUG /home/oxyai891/public_html/carboscope.ca/wp-content/plugins/gf-charts-reports/gf_charts_reports.php:65 Construct maxicharts_reports
 2018-04-15 21:58:04,304 maxicharts_log4php DEBUG /home/oxyai891/public_html/carboscope.ca/wp-content/plugins/maxicharts-csv-source-add-on/mcharts_csv_source_add_on.php:57 Adding Module : mcharts_csv_source_plugin
 2018-04-15 21:58:04,304 maxicharts_log4php DEBUG /home/oxyai891/public_html/carboscope.ca/wp-content/plugins/maxicharts-csv-source-add-on/mcharts_csv_source_add_on.php:77 Added Module : mcharts_csv_source_plugin
 